http://mirror.yandex.ru/puppyrus/roll/1912/001-a-1912-sf04.pfs 2020-01-01 0 sf04
http://mirror.yandex.ru/puppyrus/roll/1912/001-a-1912-sf05.pfs 2020-01-01 0 sf05
http://mirror.yandex.ru/puppyrus/roll/1912/030-gtk3-1912-sf06.pfs 2020-01-01 0 sf06
http://mirror.yandex.ru/puppyrus/roll/1912/030-gtk3-1912-sf07.pfs 2020-01-01 0 sf07
http://mirror.yandex.ru/puppyrus/roll/1912/040-de-lxde-gtk3-1912-sf04.pfs 2020-01-01 0 sf04
http://mirror.yandex.ru/puppyrus/roll/1912/045-tint2-graph-gtk3-16.7-3-1912-sf01.pfs 2020-01-01 16.7-3 sf01
http://mirror.yandex.ru/puppyrus/roll/1912/045-vala-panel-gtk3-0.4.91.r4.gf300f22-1912-sf01.pfs 2020-01-01 04.91.r4.gf300f22 sf01
http://mirror.yandex.ru/puppyrus/roll/1912/070-prar-1912-sf02.pfs 2020-01-01 0 sf02
http://mirror.yandex.ru/puppyrus/roll/1912/089-upd-1912-sf11.pfs 2020-01-01 0 sf11
http://mirror.yandex.ru/puppyrus/roll/1912/089-upd-1912-sf12.pfs 2020-01-01 0 sf12
http://mirror.yandex.ru/puppyrus/roll/1912/089-upd-1912-sf15.pfs 2020-01-01 0 sf15
http://mirror.yandex.ru/puppyrus/roll/1912/089-upd-1912-sf16.pfs 2020-01-01 0 sf16
http://mirror.yandex.ru/puppyrus/roll/1912/DEVX-prar-1912-sf02.pfs 2020-01-01 0 sf02
http://mirror.yandex.ru/puppyrus/roll/1912/DEVX-prar-1912-sf05.pfs 2020-01-01 0 sf05
http://mirror.yandex.ru/puppyrus/roll/1912/ffmpeg-light-4.0-1912-sf01.pfs 2020-01-01 4.0 sf01
http://mirror.yandex.ru/puppyrus/roll/1912/mesa-19.2.4-1-1912-sf04.pfs 2020-01-01 19.2.4-1 sf04
http://mirror.yandex.ru/puppyrus/roll/1912/pkg-prar-1912-sf01.pfs 2020-01-01 0 sf01
http://mirror.yandex.ru/puppyrus/roll/1912/polkit-0.116-3-1912-sf01.pfs 2020-01-01 0.116-3 sf01
http://mirror.yandex.ru/puppyrus/roll/1912/pulseaudio-13.0-1912-sf01.pfs 2020-01-01 13.0 sf01
http://mirror.yandex.ru/puppyrus/roll/1912/python-3.8.0-1912-sf01.pfs 2020-01-01 3.8.0 sf01
http://mirror.yandex.ru/puppyrus/roll/1912/uird-r542_64-sf01.pfs 2020-01-01 0 r542 sf01
http://mirror.yandex.ru/puppyrus/roll/1912/vlc-light-qt5-3.0.1-d10-sf01.pfs 2020-01-01 3.0.1-d10 sf01 
